<?xml version="1.0" encoding="UTF-8"?>
<!-- Generated by org.testng.reporters.JUnitReportReporter -->
<testsuite skipped="0" hostname="CTSL023" name="ExtendReportsPhase1.ExtendReportPhase1Test" tests="2" failures="0" timestamp="2021-08-13T12:55:33 IST" time="12.392" errors="0">
  <testcase name="testcase1" time="6.665" classname="ExtendReportsPhase1.ExtendReportPhase1Test"/>
  <system-out/>
  <testcase name="Testcase" time="5.727" classname="ExtendReportsPhase1.ExtendReportPhase1Test"/>
  <system-out/>
</testsuite> <!-- ExtendReportsPhase1.ExtendReportPhase1Test -->
