<?xml version="1.0" encoding="UTF-8"?>
<!-- Generated by org.testng.reporters.JUnitReportReporter -->
<testsuite skipped="0" hostname="CTSL023" name="ExtendReportsPhase1.ExtendReportPhase1" tests="2" failures="0" timestamp="2021-08-13T11:49:28 IST" time="15.003" errors="0">
  <testcase name="testcase1" time="6.803" classname="ExtendReportsPhase1.ExtendReportPhase1"/>
  <system-out/>
  <testcase name="Testcase" time="8.200" classname="ExtendReportsPhase1.ExtendReportPhase1"/>
  <system-out/>
</testsuite> <!-- ExtendReportsPhase1.ExtendReportPhase1 -->
