<?xml version="1.0" encoding="UTF-8"?>
<!-- Generated by org.testng.reporters.JUnitReportReporter -->
<testsuite skipped="0" hostname="CTSL023" name="ExtendReportsPhase1.ExtendReportPhase1Test" tests="2" failures="0" timestamp="2021-08-13T16:44:01 IST" time="11.665" errors="0">
  <testcase name="testcase1" time="5.998" classname="ExtendReportsPhase1.ExtendReportPhase1Test"/>
  <system-out/>
  <testcase name="Testcase" time="5.667" classname="ExtendReportsPhase1.ExtendReportPhase1Test"/>
  <system-out/>
</testsuite> <!-- ExtendReportsPhase1.ExtendReportPhase1Test -->
